DEPRECATION WARNING: ActiveRecord::Base.raise_in_transactional_callbacks= is deprecated, has no effect and will be removed without replacement. (called from load at /Users/Amrisha/.gem/ruby/2.2.5/bin/rake:23)
  [1m[35m (1.6ms)[0m  [1m[34mSELECT pg_try_advisory_lock(5170893669298709835);[0m
  [1m[36mActiveRecord::SchemaMigration Load (5.7ms)[0m  [1m[34mSELECT "schema_migrations".* FROM "schema_migrations"[0m
Migrating to CreateGalleries (20170113012019)
  [1m[35m (0.5ms)[0m  [1m[35mBEGIN[0m
  [1m[35m (38.0ms)[0m  [1m[35mCREATE TABLE "galleries" ("id" serial primary key, "name" character varying NOT NULL, "city" character varying NOT NULL, "state" character varying NOT NULL, "zip" character varying NOT NULL, "description" text, "created_at" timestamp NOT NULL, "updated_at" timestamp NOT NULL)[0m
  [1m[35m (0.3ms)[0m  [1m[31mROLLBACK[0m
  [1m[35m (0.8ms)[0m  [1m[34mSELECT pg_advisory_unlock(5170893669298709835)[0m
DEPRECATION WARNING: ActiveRecord::Base.raise_in_transactional_callbacks= is deprecated, has no effect and will be removed without replacement. (called from <top (required)> at /Users/Amrisha/challenges/rails-marathon/config/environment.rb:5)
  [1m[36mActiveRecord::SchemaMigration Load (0.6ms)[0m  [1m[34mSELECT "schema_migrations".* FROM "schema_migrations"[0m
  [1m[35m (2.0ms)[0m  [1m[34mSELECT "ar_internal_metadata"."value" FROM "ar_internal_metadata" WHERE "ar_internal_metadata"."key" = $1[0m  [["key", :environment]]
  [1m[36mActiveRecord::SchemaMigration Load (0.3ms)[0m  [1m[34mSELECT "schema_migrations".* FROM "schema_migrations"[0m
  [1m[35m (0.3ms)[0m  [1m[34mSELECT "ar_internal_metadata"."value" FROM "ar_internal_metadata" WHERE "ar_internal_metadata"."key" = $1[0m  [["key", :environment]]
  [1m[36mActiveRecord::SchemaMigration Load (0.3ms)[0m  [1m[34mSELECT "schema_migrations".* FROM "schema_migrations"[0m
  [1m[35m (0.3ms)[0m  [1m[34mSELECT "ar_internal_metadata"."value" FROM "ar_internal_metadata" WHERE "ar_internal_metadata"."key" = $1[0m  [["key", :environment]]
  [1m[35m (129.0ms)[0m  [1m[35mDROP DATABASE IF EXISTS "gallery-reviews_development"[0m
  [1m[35m (127.9ms)[0m  [1m[35mDROP DATABASE IF EXISTS "gallery-reviews_test"[0m
DEPRECATION WARNING: ActiveRecord::Base.raise_in_transactional_callbacks= is deprecated, has no effect and will be removed without replacement. (called from load at /Users/Amrisha/.gem/ruby/2.2.5/bin/rake:23)
  [1m[35m (20.9ms)[0m  [1m[35mCREATE TABLE "schema_migrations" ("version" character varying PRIMARY KEY)[0m
  [1m[35m (2.8ms)[0m  [1m[35mCREATE TABLE "ar_internal_metadata" ("key" character varying PRIMARY KEY, "value" character varying, "created_at" timestamp NOT NULL, "updated_at" timestamp NOT NULL)[0m
  [1m[35m (1.6ms)[0m  [1m[34mSELECT pg_try_advisory_lock(5170893669298709835);[0m
  [1m[36mActiveRecord::SchemaMigration Load (0.5ms)[0m  [1m[34mSELECT "schema_migrations".* FROM "schema_migrations"[0m
Migrating to CreateGalleries (20170113012019)
  [1m[35m (0.2ms)[0m  [1m[35mBEGIN[0m
  [1m[35m (6.4ms)[0m  [1m[35mCREATE TABLE "galleries" ("id" serial primary key, "name" character varying NOT NULL, "city" character varying NOT NULL, "state" character varying NOT NULL, "zip" character varying NOT NULL, "description" text, "created_at" timestamp NOT NULL, "updated_at" timestamp NOT NULL)[0m
  [1m[35mSQL (2.7ms)[0m  [1m[32mINSERT INTO "schema_migrations" ("version") VALUES ($1) RETURNING "version"[0m  [["version", "20170113012019"]]
  [1m[35m (0.4ms)[0m  [1m[35mCOMMIT[0m
  [1m[36mActiveRecord::InternalMetadata Load (0.9ms)[0m  [1m[34mSELECT  "ar_internal_metadata".* FROM "ar_internal_metadata" WHERE "ar_internal_metadata"."key" = $1 LIMIT $2[0m  [["key", :environment], ["LIMIT", 1]]
  [1m[35m (0.2ms)[0m  [1m[35mBEGIN[0m
  [1m[35mSQL (1.0ms)[0m  [1m[32mINSERT INTO "ar_internal_metadata" ("key", "value", "created_at", "updated_at") VALUES ($1, $2, $3, $4) RETURNING "key"[0m  [["key", "environment"], ["value", "development"], ["created_at", 2017-01-13 01:46:15 UTC], ["updated_at", 2017-01-13 01:46:15 UTC]]
  [1m[35m (0.3ms)[0m  [1m[35mCOMMIT[0m
  [1m[35m (0.3ms)[0m  [1m[34mSELECT pg_advisory_unlock(5170893669298709835)[0m
  [1m[36mActiveRecord::SchemaMigration Load (0.3ms)[0m  [1m[34mSELECT "schema_migrations".* FROM "schema_migrations"[0m
  [1m[35m (4.1ms)[0m  [1m[34mSELECT t2.oid::regclass::text AS to_table, a1.attname AS column, a2.attname AS primary_key, c.conname AS name, c.confupdtype AS on_update, c.confdeltype AS on_delete
FROM pg_constraint c
JOIN pg_class t1 ON c.conrelid = t1.oid
JOIN pg_class t2 ON c.confrelid = t2.oid
JOIN pg_attribute a1 ON a1.attnum = c.conkey[1] AND a1.attrelid = t1.oid
JOIN pg_attribute a2 ON a2.attnum = c.confkey[1] AND a2.attrelid = t2.oid
JOIN pg_namespace t3 ON c.connamespace = t3.oid
WHERE c.contype = 'f'
  AND t1.relname = 'galleries'
  AND t3.nspname = ANY (current_schemas(false))
ORDER BY c.conname
[0m
Started GET "/" for ::1 at 2017-01-12 20:47:48 -0500
DEPRECATION WARNING: ActiveRecord::Base.raise_in_transactional_callbacks= is deprecated, has no effect and will be removed without replacement. (called from call at /Users/Amrisha/.rubies/ruby-2.2.5/lib/ruby/gems/2.2.0/gems/rack-2.0.1/lib/rack/method_override.rb:22)
  [1m[36mActiveRecord::SchemaMigration Load (1.6ms)[0m  [1m[34mSELECT "schema_migrations".* FROM "schema_migrations"[0m
Processing by Rails::WelcomeController#index as HTML
  Parameters: {"internal"=>true}
  Rendering /Users/Amrisha/.gem/ruby/2.2.5/gems/railties-5.0.0/lib/rails/templates/rails/welcome/index.html.erb
  Rendered /Users/Amrisha/.gem/ruby/2.2.5/gems/railties-5.0.0/lib/rails/templates/rails/welcome/index.html.erb (5.8ms)
Completed 200 OK in 49ms (Views: 25.6ms | ActiveRecord: 0.0ms)


Started GET "/galleries" for ::1 at 2017-01-12 20:50:54 -0500
  
NoMethodError (undefined method `roots' for #<ActionDispatch::Routing::Mapper:0x007fcbf4f3c2e0>):
  
config/routes.rb:3:in `block in <top (required)>'
config/routes.rb:1:in `<top (required)>'
  Rendering /Users/Amrisha/.gem/ruby/2.2.5/gems/actionpack-5.0.0/lib/action_dispatch/middleware/templates/rescues/diagnostics.html.erb within rescues/layout
  Rendering /Users/Amrisha/.gem/ruby/2.2.5/gems/actionpack-5.0.0/lib/action_dispatch/middleware/templates/rescues/_source.html.erb
  Rendered /Users/Amrisha/.gem/ruby/2.2.5/gems/actionpack-5.0.0/lib/action_dispatch/middleware/templates/rescues/_source.html.erb (9.5ms)
  Rendering /Users/Amrisha/.gem/ruby/2.2.5/gems/actionpack-5.0.0/lib/action_dispatch/middleware/templates/rescues/_trace.html.erb
  Rendered /Users/Amrisha/.gem/ruby/2.2.5/gems/actionpack-5.0.0/lib/action_dispatch/middleware/templates/rescues/_trace.html.erb (33.3ms)
  Rendering /Users/Amrisha/.gem/ruby/2.2.5/gems/actionpack-5.0.0/lib/action_dispatch/middleware/templates/rescues/_request_and_response.html.erb
  Rendered /Users/Amrisha/.gem/ruby/2.2.5/gems/actionpack-5.0.0/lib/action_dispatch/middleware/templates/rescues/_request_and_response.html.erb (1.0ms)
  Rendered /Users/Amrisha/.gem/ruby/2.2.5/gems/actionpack-5.0.0/lib/action_dispatch/middleware/templates/rescues/diagnostics.html.erb within rescues/layout (115.9ms)
DEPRECATION WARNING: Accessing mime types via constants is deprecated. Please change `Mime::HTML` to `Mime[:html]`. (called from call at /Users/Amrisha/.rubies/ruby-2.2.5/lib/ruby/gems/2.2.0/gems/rack-2.0.1/lib/rack/method_override.rb:22)
  Rendering /Users/Amrisha/.gem/ruby/2.2.5/gems/web-console-2.3.0/lib/web_console/templates/index.html.erb
  Rendered /Users/Amrisha/.gem/ruby/2.2.5/gems/web-console-2.3.0/lib/web_console/templates/_markup.html.erb (0.4ms)
  Rendering /Users/Amrisha/.gem/ruby/2.2.5/gems/web-console-2.3.0/lib/web_console/templates/console.js.erb within layouts/javascript
  Rendering /Users/Amrisha/.gem/ruby/2.2.5/gems/web-console-2.3.0/lib/web_console/templates/_inner_console_markup.html.erb within layouts/inlined_string
  Rendered /Users/Amrisha/.gem/ruby/2.2.5/gems/web-console-2.3.0/lib/web_console/templates/_inner_console_markup.html.erb within layouts/inlined_string (0.4ms)
  Rendering /Users/Amrisha/.gem/ruby/2.2.5/gems/web-console-2.3.0/lib/web_console/templates/_prompt_box_markup.html.erb within layouts/inlined_string
  Rendered /Users/Amrisha/.gem/ruby/2.2.5/gems/web-console-2.3.0/lib/web_console/templates/_prompt_box_markup.html.erb within layouts/inlined_string (0.3ms)
  Rendering /Users/Amrisha/.gem/ruby/2.2.5/gems/web-console-2.3.0/lib/web_console/templates/style.css.erb within layouts/inlined_string
  Rendered /Users/Amrisha/.gem/ruby/2.2.5/gems/web-console-2.3.0/lib/web_console/templates/style.css.erb within layouts/inlined_string (0.5ms)
DEPRECATION WARNING: Accessing mime types via constants is deprecated. Please change `Mime::WEB_CONSOLE_V2` to `Mime[:web_console_v2]`. (called from call at /Users/Amrisha/.rubies/ruby-2.2.5/lib/ruby/gems/2.2.0/gems/rack-2.0.1/lib/rack/method_override.rb:22)
  Rendered /Users/Amrisha/.gem/ruby/2.2.5/gems/web-console-2.3.0/lib/web_console/templates/console.js.erb within layouts/javascript (73.0ms)
  Rendering /Users/Amrisha/.gem/ruby/2.2.5/gems/web-console-2.3.0/lib/web_console/templates/main.js.erb within layouts/javascript
  Rendered /Users/Amrisha/.gem/ruby/2.2.5/gems/web-console-2.3.0/lib/web_console/templates/main.js.erb within layouts/javascript (0.4ms)
  Rendering /Users/Amrisha/.gem/ruby/2.2.5/gems/web-console-2.3.0/lib/web_console/templates/error_page.js.erb within layouts/javascript
  Rendered /Users/Amrisha/.gem/ruby/2.2.5/gems/web-console-2.3.0/lib/web_console/templates/error_page.js.erb within layouts/javascript (0.4ms)
  Rendered /Users/Amrisha/.gem/ruby/2.2.5/gems/web-console-2.3.0/lib/web_console/templates/index.html.erb (136.7ms)
Started GET "/galleries" for ::1 at 2017-01-12 20:51:08 -0500
Processing by GalleriesController#index as HTML
  Rendering galleries/index.html.erb within layouts/application
  Rendered galleries/index.html.erb within layouts/application (1.2ms)
Completed 200 OK in 641ms (Views: 631.1ms | ActiveRecord: 0.0ms)


Started GET "/assets/application.self-e80e8f2318043e8af94dddc2adad5a4f09739a8ebb323b3ab31cd71d45fd9113.css?body=1" for ::1 at 2017-01-12 20:51:09 -0500
Started GET "/assets/application.self-3b8dabdc891efe46b9a144b400ad69e37d7e5876bdc39dee783419a69d7ca819.js?body=1" for ::1 at 2017-01-12 20:51:09 -0500
Started GET "/assets/turbolinks.self-c5acd7a204f5f25ce7a1d8a0e4d92e28d34c9e2df2c7371cd7af88e147e4ad82.js?body=1" for ::1 at 2017-01-12 20:51:14 -0500
Started GET "/galleries" for ::1 at 2017-01-12 21:04:26 -0500
Processing by GalleriesController#index as HTML
  Rendering galleries/index.html.erb within layouts/application
  [1m[36mGallery Load (15.1ms)[0m  [1m[34mSELECT "galleries".* FROM "galleries"[0m
  Rendered galleries/index.html.erb within layouts/application (35.0ms)
Completed 200 OK in 137ms (Views: 37.9ms | ActiveRecord: 28.2ms)


Started GET "/galleries/new" for ::1 at 2017-01-12 21:04:29 -0500
Processing by GalleriesController#new as HTML
  Rendering galleries/new.html.erb within layouts/application
  Rendered galleries/_gallery_form.html.erb (44.6ms)
  Rendered galleries/new.html.erb within layouts/application (49.5ms)
Completed 200 OK in 199ms (Views: 84.9ms | ActiveRecord: 27.5ms)


Started POST "/galleries" for ::1 at 2017-01-12 21:04:33 -0500
Processing by GalleriesController#create as HTML
  Parameters: {"utf8"=>"✓", "authenticity_token"=>"51AeO771aBeod8RilBfCmAyLDrrnIIzrjzPWVYGk4gPeRTJD6AjLX+0gnqhVfNRyd6tbhyIcqUjWRjFEIhatRQ==", "gallery"=>{"name"=>"", "city"=>"", "state"=>"", "zip"=>"", "description"=>""}, "commit"=>"Create Gallery"}
Completed 500 Internal Server Error in 9ms (ActiveRecord: 0.0ms)


  
NameError (undefined local variable or method `gallery_params' for #<GalleriesController:0x007fcbf85bb488>):
  
app/controllers/galleries_controller.rb:16:in `create'
  Rendering /Users/Amrisha/.gem/ruby/2.2.5/gems/actionpack-5.0.0/lib/action_dispatch/middleware/templates/rescues/diagnostics.html.erb within rescues/layout
  Rendering /Users/Amrisha/.gem/ruby/2.2.5/gems/actionpack-5.0.0/lib/action_dispatch/middleware/templates/rescues/_source.html.erb
  Rendered /Users/Amrisha/.gem/ruby/2.2.5/gems/actionpack-5.0.0/lib/action_dispatch/middleware/templates/rescues/_source.html.erb (5.7ms)
  Rendering /Users/Amrisha/.gem/ruby/2.2.5/gems/actionpack-5.0.0/lib/action_dispatch/middleware/templates/rescues/_trace.html.erb
  Rendered /Users/Amrisha/.gem/ruby/2.2.5/gems/actionpack-5.0.0/lib/action_dispatch/middleware/templates/rescues/_trace.html.erb (2.8ms)
  Rendering /Users/Amrisha/.gem/ruby/2.2.5/gems/actionpack-5.0.0/lib/action_dispatch/middleware/templates/rescues/_request_and_response.html.erb
  Rendered /Users/Amrisha/.gem/ruby/2.2.5/gems/actionpack-5.0.0/lib/action_dispatch/middleware/templates/rescues/_request_and_response.html.erb (1.3ms)
  Rendered /Users/Amrisha/.gem/ruby/2.2.5/gems/actionpack-5.0.0/lib/action_dispatch/middleware/templates/rescues/diagnostics.html.erb within rescues/layout (94.8ms)
DEPRECATION WARNING: Accessing mime types via constants is deprecated. Please change `Mime::HTML` to `Mime[:html]`. (called from call at /Users/Amrisha/.rubies/ruby-2.2.5/lib/ruby/gems/2.2.0/gems/rack-2.0.1/lib/rack/method_override.rb:22)
  Rendering /Users/Amrisha/.gem/ruby/2.2.5/gems/web-console-2.3.0/lib/web_console/templates/index.html.erb
  Rendered /Users/Amrisha/.gem/ruby/2.2.5/gems/web-console-2.3.0/lib/web_console/templates/_markup.html.erb (0.4ms)
  Rendering /Users/Amrisha/.gem/ruby/2.2.5/gems/web-console-2.3.0/lib/web_console/templates/console.js.erb within layouts/javascript
  Rendering /Users/Amrisha/.gem/ruby/2.2.5/gems/web-console-2.3.0/lib/web_console/templates/_inner_console_markup.html.erb within layouts/inlined_string
  Rendered /Users/Amrisha/.gem/ruby/2.2.5/gems/web-console-2.3.0/lib/web_console/templates/_inner_console_markup.html.erb within layouts/inlined_string (0.4ms)
  Rendering /Users/Amrisha/.gem/ruby/2.2.5/gems/web-console-2.3.0/lib/web_console/templates/_prompt_box_markup.html.erb within layouts/inlined_string
  Rendered /Users/Amrisha/.gem/ruby/2.2.5/gems/web-console-2.3.0/lib/web_console/templates/_prompt_box_markup.html.erb within layouts/inlined_string (0.4ms)
  Rendering /Users/Amrisha/.gem/ruby/2.2.5/gems/web-console-2.3.0/lib/web_console/templates/style.css.erb within layouts/inlined_string
  Rendered /Users/Amrisha/.gem/ruby/2.2.5/gems/web-console-2.3.0/lib/web_console/templates/style.css.erb within layouts/inlined_string (0.4ms)
DEPRECATION WARNING: Accessing mime types via constants is deprecated. Please change `Mime::WEB_CONSOLE_V2` to `Mime[:web_console_v2]`. (called from call at /Users/Amrisha/.rubies/ruby-2.2.5/lib/ruby/gems/2.2.0/gems/rack-2.0.1/lib/rack/method_override.rb:22)
  Rendered /Users/Amrisha/.gem/ruby/2.2.5/gems/web-console-2.3.0/lib/web_console/templates/console.js.erb within layouts/javascript (50.9ms)
  Rendering /Users/Amrisha/.gem/ruby/2.2.5/gems/web-console-2.3.0/lib/web_console/templates/main.js.erb within layouts/javascript
  Rendered /Users/Amrisha/.gem/ruby/2.2.5/gems/web-console-2.3.0/lib/web_console/templates/main.js.erb within layouts/javascript (0.3ms)
  Rendering /Users/Amrisha/.gem/ruby/2.2.5/gems/web-console-2.3.0/lib/web_console/templates/error_page.js.erb within layouts/javascript
  Rendered /Users/Amrisha/.gem/ruby/2.2.5/gems/web-console-2.3.0/lib/web_console/templates/error_page.js.erb within layouts/javascript (0.4ms)
  Rendered /Users/Amrisha/.gem/ruby/2.2.5/gems/web-console-2.3.0/lib/web_console/templates/index.html.erb (112.9ms)
Started GET "/galleries" for ::1 at 2017-01-12 21:06:35 -0500
Processing by GalleriesController#index as HTML
  Rendering galleries/index.html.erb within layouts/application
  [1m[36mGallery Load (3.2ms)[0m  [1m[34mSELECT "galleries".* FROM "galleries"[0m
  Rendered galleries/index.html.erb within layouts/application (26.4ms)
Completed 200 OK in 69ms (Views: 42.6ms | ActiveRecord: 13.0ms)


Started GET "/galleries/new" for ::1 at 2017-01-12 21:06:38 -0500
Processing by GalleriesController#new as HTML
  Rendering galleries/new.html.erb within layouts/application
  Rendered galleries/_gallery_form.html.erb (8.4ms)
  Rendered galleries/new.html.erb within layouts/application (11.7ms)
Completed 200 OK in 50ms (Views: 29.9ms | ActiveRecord: 0.0ms)


Started POST "/galleries" for ::1 at 2017-01-12 21:07:50 -0500
Processing by GalleriesController#create as HTML
  Parameters: {"utf8"=>"✓", "authenticity_token"=>"rDoi5L0JXk/jKmFZq7shZMqsNF5PwW1l+xZQd6kdeqeVLw6c6/T9B6Z9O5Nq0DeOsYxhY4r9SMaiY7dmCq814Q==", "gallery"=>{"name"=>"", "city"=>"", "state"=>"", "zip"=>"", "description"=>""}, "commit"=>"Create Gallery"}
  [1m[35m (0.2ms)[0m  [1m[35mBEGIN[0m
  [1m[35m (0.2ms)[0m  [1m[31mROLLBACK[0m
  Rendering galleries/new.html.erb within layouts/application
  Rendered galleries/_gallery_form.html.erb (14.7ms)
  Rendered galleries/new.html.erb within layouts/application (17.7ms)
Completed 200 OK in 77ms (Views: 38.1ms | ActiveRecord: 0.4ms)


Started GET "/galleries" for ::1 at 2017-01-12 21:19:27 -0500
Processing by GalleriesController#index as HTML
  Rendering galleries/index.html.erb within layouts/application
  [1m[36mGallery Load (6.5ms)[0m  [1m[34mSELECT "galleries".* FROM "galleries"[0m
  Rendered galleries/index.html.erb within layouts/application (30.0ms)
Completed 200 OK in 137ms (Views: 106.6ms | ActiveRecord: 6.5ms)


Started GET "/galleries/new" for ::1 at 2017-01-12 21:19:31 -0500
Processing by GalleriesController#new as HTML
  Rendering galleries/new.html.erb within layouts/application
  Rendered galleries/_gallery_form.html.erb (34.1ms)
  Rendered galleries/new.html.erb within layouts/application (41.2ms)
Completed 200 OK in 94ms (Views: 86.4ms | ActiveRecord: 0.0ms)


Started POST "/galleries" for ::1 at 2017-01-12 21:19:46 -0500
Processing by GalleriesController#create as HTML
  Parameters: {"utf8"=>"✓", "authenticity_token"=>"DYXZXzE4GNCHss/6MAiMtrjdU2xj7fr+S1HPhmFXRSg0kPUnZ8W7mMLllTDxY5pcw/0GUabR310SJCiXwuUKbg==", "gallery"=>{"name"=>"MFA", "city"=>"Boston", "state"=>"MA", "zip"=>"02119", "description"=>"Boston's finest art Gallery"}, "commit"=>"Create Gallery"}
  [1m[35m (1.5ms)[0m  [1m[35mBEGIN[0m
  [1m[35mSQL (33.5ms)[0m  [1m[32mINSERT INTO "galleries" ("name", "city", "state", "zip", "description", "created_at", "updated_at") VALUES ($1, $2, $3, $4, $5, $6, $7) RETURNING "id"[0m  [["name", "MFA"], ["city", "Boston"], ["state", "MA"], ["zip", "02119"], ["description", "Boston's finest art Gallery"], ["created_at", 2017-01-13 02:19:46 UTC], ["updated_at", 2017-01-13 02:19:46 UTC]]
  [1m[35m (1.5ms)[0m  [1m[35mCOMMIT[0m
Redirected to http://localhost:3000/galleries/1
Completed 302 Found in 128ms (ActiveRecord: 36.4ms)


Started GET "/galleries/1" for ::1 at 2017-01-12 21:19:46 -0500
Processing by GalleriesController#show as HTML
  Parameters: {"id"=>"1"}
  [1m[36mGallery Load (2.6ms)[0m  [1m[34mSELECT  "galleries".* FROM "galleries" WHERE "galleries"."id" = $1 LIMIT $2[0m  [["id", 1], ["LIMIT", 1]]
  Rendering galleries/show.html.erb within layouts/application
  Rendered galleries/show.html.erb within layouts/application (3.6ms)
Completed 200 OK in 79ms (Views: 42.8ms | ActiveRecord: 4.0ms)


Started GET "/galleries" for ::1 at 2017-01-12 21:19:50 -0500
Processing by GalleriesController#index as HTML
  Rendering galleries/index.html.erb within layouts/application
  [1m[36mGallery Load (4.1ms)[0m  [1m[34mSELECT "galleries".* FROM "galleries"[0m
  Rendered galleries/index.html.erb within layouts/application (8.0ms)
Completed 200 OK in 53ms (Views: 43.4ms | ActiveRecord: 4.1ms)


Started GET "/galleries/1" for ::1 at 2017-01-12 21:19:52 -0500
Processing by GalleriesController#show as HTML
  Parameters: {"id"=>"1"}
  [1m[36mGallery Load (3.1ms)[0m  [1m[34mSELECT  "galleries".* FROM "galleries" WHERE "galleries"."id" = $1 LIMIT $2[0m  [["id", 1], ["LIMIT", 1]]
  Rendering galleries/show.html.erb within layouts/application
  Rendered galleries/show.html.erb within layouts/application (1.6ms)
Completed 200 OK in 113ms (Views: 33.2ms | ActiveRecord: 7.2ms)


Started GET "/galleries/1" for ::1 at 2017-01-12 21:21:38 -0500
Processing by GalleriesController#show as HTML
  Parameters: {"id"=>"1"}
  [1m[36mGallery Load (9.5ms)[0m  [1m[34mSELECT  "galleries".* FROM "galleries" WHERE "galleries"."id" = $1 LIMIT $2[0m  [["id", 1], ["LIMIT", 1]]
  Rendering galleries/show.html.erb within layouts/application
  Rendered galleries/show.html.erb within layouts/application (24.1ms)
Completed 200 OK in 150ms (Views: 96.8ms | ActiveRecord: 9.5ms)


Started GET "/galleries" for ::1 at 2017-01-12 21:21:41 -0500
Processing by GalleriesController#index as HTML
  Rendering galleries/index.html.erb within layouts/application
  [1m[36mGallery Load (6.6ms)[0m  [1m[34mSELECT "galleries".* FROM "galleries"[0m
  Rendered galleries/index.html.erb within layouts/application (24.8ms)
Completed 200 OK in 195ms (Views: 178.0ms | ActiveRecord: 6.6ms)


